<?xml version="1.0" encoding="UTF-8"?>
<robot generator="Robot 3.2.1 (Python 3.7.6 on win32)" generated="20200618 18:48:42.425" rpa="false">
<suite id="s1" name="Teste Case" source="D:\VEIO UNIDADE C\NALDO\PESSOAL\RobotFrameworkTest\Python_Robot_Teste\teste_case.robot">
<test id="s1-t1" name="Log in">
<kw name="Open Browser" library="SeleniumLibrary">
<doc>Opens a new browser instance to the optional ``url``.</doc>
<arguments>
<arg>${URL}</arg>
<arg>${BROWSER}</arg>
</arguments>
<msg timestamp="20200618 18:48:43.720" level="INFO">Opening browser 'chrome' to base url 'https://developer.clashroyale.com/#/login'.</msg>
<status status="PASS" starttime="20200618 18:48:43.719" endtime="20200618 18:48:51.216"></status>
</kw>
<kw name="Log in">
<arguments>
<arg>${email}</arg>
<arg>${password}</arg>
</arguments>
<kw name="Wait Until Page Contains" library="SeleniumLibrary">
<doc>Waits until ``text`` appears on the current page.</doc>
<arguments>
<arg>Log In</arg>
</arguments>
<status status="PASS" starttime="20200618 18:48:51.219" endtime="20200618 18:48:51.714"></status>
</kw>
<kw name="Wait Until Page Contains" library="SeleniumLibrary">
<doc>Waits until ``text`` appears on the current page.</doc>
<arguments>
<arg>Email</arg>
</arguments>
<status status="PASS" starttime="20200618 18:48:51.714" endtime="20200618 18:48:51.785"></status>
</kw>
<kw name="Maximize Browser Window" library="SeleniumLibrary">
<doc>Maximizes current browser window.</doc>
<status status="PASS" starttime="20200618 18:48:51.786" endtime="20200618 18:48:53.984"></status>
</kw>
<kw name="Input Text" library="SeleniumLibrary">
<doc>Types the given ``text`` into the text field identified by ``locator``.</doc>
<arguments>
<arg>email</arg>
<arg>${email}</arg>
</arguments>
<msg timestamp="20200618 18:48:53.985" level="INFO">Typing text 'lucasnaldo@gmail.com' into text field 'email'.</msg>
<status status="PASS" starttime="20200618 18:48:53.985" endtime="20200618 18:48:54.531"></status>
</kw>
<kw name="Wait Until Page Contains" library="SeleniumLibrary">
<doc>Waits until ``text`` appears on the current page.</doc>
<arguments>
<arg>Password</arg>
</arguments>
<status status="PASS" starttime="20200618 18:48:54.532" endtime="20200618 18:48:54.566"></status>
</kw>
<kw name="Input Password" library="SeleniumLibrary">
<doc>Types the given password into the text field identified by ``locator``.</doc>
<arguments>
<arg>password</arg>
<arg>${password}</arg>
</arguments>
<msg timestamp="20200618 18:48:54.567" level="INFO">Typing password into text field 'password'.</msg>
<msg timestamp="20200618 18:48:54.709" level="INFO">Temporally setting log level to: NONE</msg>
<msg timestamp="20200618 18:48:54.981" level="INFO">Log level changed from NONE to INFO.</msg>
<status status="PASS" starttime="20200618 18:48:54.566" endtime="20200618 18:48:54.981"></status>
</kw>
<kw name="Click Button" library="SeleniumLibrary">
<doc>Clicks the button identified by ``locator``.</doc>
<arguments>
<arg>Log In</arg>
</arguments>
<msg timestamp="20200618 18:48:54.982" level="INFO">Clicking button 'Log In'.</msg>
<status status="PASS" starttime="20200618 18:48:54.981" endtime="20200618 18:48:55.122"></status>
</kw>
<kw name="Wait Until Page Contains" library="SeleniumLibrary">
<doc>Waits until ``text`` appears on the current page.</doc>
<arguments>
<arg>Enter the Arena with Clash Royale API</arg>
</arguments>
<status status="PASS" starttime="20200618 18:48:55.122" endtime="20200618 18:48:56.092"></status>
</kw>
<kw name="Click Element" library="SeleniumLibrary">
<doc>Click the element identified by ``locator``.</doc>
<arguments>
<arg>xpath=//*[@id="content"]/div[1]/div[2]/div[1]/header[1]/div[1]/div[1]/div[3]/div[1]/div[1]/button[1]/span[1]</arg>
</arguments>
<msg timestamp="20200618 18:48:56.094" level="INFO">Clicking element 'xpath=//*[@id="content"]/div[1]/div[2]/div[1]/header[1]/div[1]/div[1]/div[3]/div[1]/div[1]/button[1]/span[1]'.</msg>
<status status="PASS" starttime="20200618 18:48:56.093" endtime="20200618 18:48:56.333"></status>
</kw>
<kw name="Click Element" library="SeleniumLibrary">
<doc>Click the element identified by ``locator``.</doc>
<arguments>
<arg>xpath=//*[@id="content"]/div[1]/div[2]/div[1]/header[1]/div[1]/div[1]/div[3]/div[1]/div[1]/ul[1]/li[1]/a[1]</arg>
</arguments>
<msg timestamp="20200618 18:48:56.335" level="INFO">Clicking element 'xpath=//*[@id="content"]/div[1]/div[2]/div[1]/header[1]/div[1]/div[1]/div[3]/div[1]/div[1]/ul[1]/li[1]/a[1]'.</msg>
<status status="PASS" starttime="20200618 18:48:56.334" endtime="20200618 18:48:56.656"></status>
</kw>
<kw name="Wait Until Page Contains" library="SeleniumLibrary">
<doc>Waits until ``text`` appears on the current page.</doc>
<arguments>
<arg>Create New Key</arg>
</arguments>
<status status="PASS" starttime="20200618 18:48:56.656" endtime="20200618 18:48:56.698"></status>
</kw>
<kw name="Click Element" library="SeleniumLibrary">
<doc>Click the element identified by ``locator``.</doc>
<arguments>
<arg>xpath=//*[@id="content"]/div[1]/div[2]/div[1]/div[1]/section[2]/div[1]/div[1]/div[2]/p[1]/a[1]/span[2]</arg>
</arguments>
<msg timestamp="20200618 18:48:56.699" level="INFO">Clicking element 'xpath=//*[@id="content"]/div[1]/div[2]/div[1]/div[1]/section[2]/div[1]/div[1]/div[2]/p[1]/a[1]/span[2]'.</msg>
<status status="PASS" starttime="20200618 18:48:56.699" endtime="20200618 18:48:56.880"></status>
</kw>
<kw name="Wait Until Page Contains" library="SeleniumLibrary">
<doc>Waits until ``text`` appears on the current page.</doc>
<arguments>
<arg>Create a Key</arg>
</arguments>
<status status="PASS" starttime="20200618 18:48:56.880" endtime="20200618 18:48:56.925"></status>
</kw>
<kw name="Input Text" library="SeleniumLibrary">
<doc>Types the given ``text`` into the text field identified by ``locator``.</doc>
<arguments>
<arg>xpath=//*[@id="name"]</arg>
<arg>${key}</arg>
</arguments>
<msg timestamp="20200618 18:48:56.926" level="INFO">Typing text 'teste' into text field 'xpath=//*[@id="name"]'.</msg>
<status status="PASS" starttime="20200618 18:48:56.926" endtime="20200618 18:48:57.140"></status>
</kw>
<kw name="Input Text" library="SeleniumLibrary">
<doc>Types the given ``text`` into the text field identified by ``locator``.</doc>
<arguments>
<arg>xpath=//*[@id="description"]</arg>
<arg>${description}</arg>
</arguments>
<msg timestamp="20200618 18:48:57.141" level="INFO">Typing text 'testeDescription' into text field 'xpath=//*[@id="description"]'.</msg>
<status status="PASS" starttime="20200618 18:48:57.140" endtime="20200618 18:48:57.374"></status>
</kw>
<kw name="Input Text" library="SeleniumLibrary">
<doc>Types the given ``text`` into the text field identified by ``locator``.</doc>
<arguments>
<arg>xpath=//*[@id="range-0"]</arg>
<arg>${var}</arg>
</arguments>
<msg timestamp="20200618 18:48:57.374" level="INFO">Typing text '177.45.35.25' into text field 'xpath=//*[@id="range-0"]'.</msg>
<status status="PASS" starttime="20200618 18:48:57.374" endtime="20200618 18:48:57.592"></status>
</kw>
<kw name="Click Button" library="SeleniumLibrary">
<doc>Clicks the button identified by ``locator``.</doc>
<arguments>
<arg>Create Key</arg>
</arguments>
<msg timestamp="20200618 18:48:57.592" level="INFO">Clicking button 'Create Key'.</msg>
<status status="PASS" starttime="20200618 18:48:57.592" endtime="20200618 18:48:57.730"></status>
</kw>
<status status="PASS" starttime="20200618 18:48:51.217" endtime="20200618 18:48:57.731"></status>
</kw>
<status status="PASS" starttime="20200618 18:48:43.717" endtime="20200618 18:48:57.732" critical="yes"></status>
</test>
<status status="PASS" starttime="20200618 18:48:42.429" endtime="20200618 18:48:57.738"></status>
</suite>
<statistics>
<total>
<stat pass="1" fail="0">Critical Tests</stat>
<stat pass="1" fail="0">All Tests</stat>
</total>
<tag>
</tag>
<suite>
<stat pass="1" fail="0" id="s1" name="Teste Case">Teste Case</stat>
</suite>
</statistics>
<errors>
</errors>
</robot>
