<?xml version="1.0" encoding="UTF-8"?>
<robot generator="Robot 3.2.1 (Python 3.7.6 on win32)" generated="20200619 20:58:43.838" rpa="false">
<suite id="s1" name="Teste Case" source="D:\VEIO UNIDADE C\NALDO\PESSOAL\RobotFrameworkTest\Python_Robot_Teste\Teste_Robot\teste_case.robot">
<test id="s1-t1" name="Log in">
<kw name="Open Browser" library="SeleniumLibrary">
<doc>Opens a new browser instance to the optional ``url``.</doc>
<arguments>
<arg>${URL}</arg>
<arg>${BROWSER}</arg>
</arguments>
<msg timestamp="20200619 20:58:45.234" level="INFO">Opening browser 'chrome' to base url 'https://developer.clashroyale.com/#/login'.</msg>
<status status="PASS" starttime="20200619 20:58:45.234" endtime="20200619 20:58:56.528"></status>
</kw>
<kw name="Log in">
<arguments>
<arg>${email}</arg>
<arg>${password}</arg>
</arguments>
<kw name="Wait Until Page Contains" library="SeleniumLibrary">
<doc>Waits until ``text`` appears on the current page.</doc>
<arguments>
<arg>Log In</arg>
</arguments>
<status status="PASS" starttime="20200619 20:58:56.529" endtime="20200619 20:58:56.817"></status>
</kw>
<kw name="Wait Until Page Contains" library="SeleniumLibrary">
<doc>Waits until ``text`` appears on the current page.</doc>
<arguments>
<arg>Email</arg>
</arguments>
<status status="PASS" starttime="20200619 20:58:56.817" endtime="20200619 20:58:56.856"></status>
</kw>
<kw name="Maximize Browser Window" library="SeleniumLibrary">
<doc>Maximizes current browser window.</doc>
<status status="PASS" starttime="20200619 20:58:56.856" endtime="20200619 20:58:59.004"></status>
</kw>
<kw name="Input Text" library="SeleniumLibrary">
<doc>Types the given ``text`` into the text field identified by ``locator``.</doc>
<arguments>
<arg>email</arg>
<arg>${email}</arg>
</arguments>
<msg timestamp="20200619 20:58:59.007" level="INFO">Typing text 'lucasnaldo@gmail.com' into text field 'email'.</msg>
<status status="PASS" starttime="20200619 20:58:59.005" endtime="20200619 20:58:59.313"></status>
</kw>
<kw name="Wait Until Page Contains" library="SeleniumLibrary">
<doc>Waits until ``text`` appears on the current page.</doc>
<arguments>
<arg>Password</arg>
</arguments>
<status status="PASS" starttime="20200619 20:58:59.313" endtime="20200619 20:58:59.337"></status>
</kw>
<kw name="Input Password" library="SeleniumLibrary">
<doc>Types the given password into the text field identified by ``locator``.</doc>
<arguments>
<arg>password</arg>
<arg>${password}</arg>
</arguments>
<msg timestamp="20200619 20:58:59.338" level="INFO">Typing password into text field 'password'.</msg>
<msg timestamp="20200619 20:58:59.401" level="INFO">Temporally setting log level to: NONE</msg>
<msg timestamp="20200619 20:58:59.508" level="INFO">Log level changed from NONE to INFO.</msg>
<status status="PASS" starttime="20200619 20:58:59.337" endtime="20200619 20:58:59.509"></status>
</kw>
<kw name="Click Button" library="SeleniumLibrary">
<doc>Clicks the button identified by ``locator``.</doc>
<arguments>
<arg>Log In</arg>
</arguments>
<msg timestamp="20200619 20:58:59.509" level="INFO">Clicking button 'Log In'.</msg>
<status status="PASS" starttime="20200619 20:58:59.509" endtime="20200619 20:58:59.663"></status>
</kw>
<kw name="Wait Until Page Contains" library="SeleniumLibrary">
<doc>Waits until ``text`` appears on the current page.</doc>
<arguments>
<arg>Enter the Arena with Clash Royale API</arg>
</arguments>
<status status="PASS" starttime="20200619 20:58:59.663" endtime="20200619 20:59:00.407"></status>
</kw>
<kw name="Click Element" library="SeleniumLibrary">
<doc>Click the element identified by ``locator``.</doc>
<arguments>
<arg>xpath=//*[@id="content"]/div[1]/div[2]/div[1]/header[1]/div[1]/div[1]/div[3]/div[1]/div[1]/button[1]/span[1]</arg>
</arguments>
<msg timestamp="20200619 20:59:00.407" level="INFO">Clicking element 'xpath=//*[@id="content"]/div[1]/div[2]/div[1]/header[1]/div[1]/div[1]/div[3]/div[1]/div[1]/button[1]/span[1]'.</msg>
<status status="PASS" starttime="20200619 20:59:00.407" endtime="20200619 20:59:00.494"></status>
</kw>
<kw name="Click Element" library="SeleniumLibrary">
<doc>Click the element identified by ``locator``.</doc>
<arguments>
<arg>xpath=//*[@id="content"]/div[1]/div[2]/div[1]/header[1]/div[1]/div[1]/div[3]/div[1]/div[1]/ul[1]/li[1]/a[1]</arg>
</arguments>
<msg timestamp="20200619 20:59:00.495" level="INFO">Clicking element 'xpath=//*[@id="content"]/div[1]/div[2]/div[1]/header[1]/div[1]/div[1]/div[3]/div[1]/div[1]/ul[1]/li[1]/a[1]'.</msg>
<status status="PASS" starttime="20200619 20:59:00.494" endtime="20200619 20:59:00.635"></status>
</kw>
<kw name="Wait Until Page Contains" library="SeleniumLibrary">
<doc>Waits until ``text`` appears on the current page.</doc>
<arguments>
<arg>Create New Key</arg>
</arguments>
<status status="PASS" starttime="20200619 20:59:00.635" endtime="20200619 20:59:00.675"></status>
</kw>
<kw name="Wait Until Page Contains Element" library="SeleniumLibrary">
<doc>Waits until the element ``locator`` appears on the current page.</doc>
<arguments>
<arg>xpath=//*[@id="content"]/div[1]/div[2]/div[1]/div[1]/section[2]/div[1]/div[1]/div[2]/ul[1]/li[1]/a[1]/div[1]</arg>
</arguments>
<status status="PASS" starttime="20200619 20:59:00.676" endtime="20200619 20:59:00.909"></status>
</kw>
<kw name="Click Element" library="SeleniumLibrary">
<doc>Click the element identified by ``locator``.</doc>
<arguments>
<arg>xpath=//*[@id="content"]/div[1]/div[2]/div[1]/div[1]/section[2]/div[1]/div[1]/div[2]/ul[1]/li[1]/a[1]/div[1]</arg>
</arguments>
<msg timestamp="20200619 20:59:00.910" level="INFO">Clicking element 'xpath=//*[@id="content"]/div[1]/div[2]/div[1]/div[1]/section[2]/div[1]/div[1]/div[2]/ul[1]/li[1]/a[1]/div[1]'.</msg>
<status status="PASS" starttime="20200619 20:59:00.909" endtime="20200619 20:59:01.062"></status>
</kw>
<kw name="Wait Until Page Contains Element" library="SeleniumLibrary">
<doc>Waits until the element ``locator`` appears on the current page.</doc>
<arguments>
<arg>xpath=//*[@id="content"]/div[1]/div[2]/div[1]/div[1]/section[1]/div[1]/div[1]/div[2]/form[1]/div[1]/div[1]/samp[1]</arg>
</arguments>
<status status="PASS" starttime="20200619 20:59:01.063" endtime="20200619 20:59:01.080"></status>
</kw>
<kw name="Get Text" library="SeleniumLibrary">
<doc>Returns the text value of the element identified by ``locator``.</doc>
<arguments>
<arg>xpath=//*[@id="content"]/div[1]/div[2]/div[1]/div[1]/section[1]/div[1]/div[1]/div[2]/form[1]/div[1]/div[1]/samp[1]</arg>
</arguments>
<assign>
<var>${token}</var>
</assign>
<msg timestamp="20200619 20:59:01.111" level="INFO">${token} = eyJ0eXAiOiJKV1QiLCJhbGciOiJIUzUxMiIsImtpZCI6IjI4YTMxOGY3LTAwMDAtYTFlYi03ZmExLTJjNzQzM2M2Y2NhNSJ9.eyJpc3MiOiJzdXBlcmNlbGwiLCJhdWQiOiJzdXBlcmNlbGw6Z2FtZWFwaSIsImp0aSI6IjIwNjQwNDA4LTRlNGQtNDFhZS04NzI3LWI...</msg>
<status status="PASS" starttime="20200619 20:59:01.080" endtime="20200619 20:59:01.111"></status>
</kw>
<kw name="Log To Console" library="BuiltIn">
<doc>Logs the given message to the console.</doc>
<arguments>
<arg>${token}</arg>
</arguments>
<status status="PASS" starttime="20200619 20:59:01.112" endtime="20200619 20:59:01.115"></status>
</kw>
<status status="PASS" starttime="20200619 20:58:56.529" endtime="20200619 20:59:01.115"></status>
</kw>
<status status="PASS" starttime="20200619 20:58:45.232" endtime="20200619 20:59:01.116" critical="yes"></status>
</test>
<status status="PASS" starttime="20200619 20:58:43.842" endtime="20200619 20:59:01.120"></status>
</suite>
<statistics>
<total>
<stat pass="1" fail="0">Critical Tests</stat>
<stat pass="1" fail="0">All Tests</stat>
</total>
<tag>
</tag>
<suite>
<stat pass="1" fail="0" id="s1" name="Teste Case">Teste Case</stat>
</suite>
</statistics>
<errors>
</errors>
</robot>
